Haber çekme görevi başladı - 2024-12-25 17:37:20.115465
sondakika kategorisi için RSS feed'i okunuyor
sondakika kategorisinde 0 yeni haber eklendi
dunya kategorisi için RSS feed'i okunuyor
dunya kategorisinde 0 yeni haber eklendi
ekonomi kategorisi için RSS feed'i okunuyor
ekonomi kategorisinde 0 yeni haber eklendi
spor kategorisi için RSS feed'i okunuyor
spor kategorisinde 0 yeni haber eklendi
bilim kategorisi için RSS feed'i okunuyor
bilim kategorisinde 0 yeni haber eklendi
Haber güncelleme görevi tamamlandı - 2024-12-25 17:37:45.477706
Haber çekme görevi başladı - 2024-12-25 17:42:45.473945
sondakika kategorisi için RSS feed'i okunuyor
sondakika kategorisinde 0 yeni haber eklendi
dunya kategorisi için RSS feed'i okunuyor
dunya kategorisinde 0 yeni haber eklendi
ekonomi kategorisi için RSS feed'i okunuyor
ekonomi kategorisinde 0 yeni haber eklendi
spor kategorisi için RSS feed'i okunuyor
spor kategorisinde 0 yeni haber eklendi
bilim kategorisi için RSS feed'i okunuyor
bilim kategorisinde 0 yeni haber eklendi
Haber güncelleme görevi tamamlandı - 2024-12-25 17:43:10.456383
Haber çekme görevi başladı - 2024-12-25 17:48:10.454887
sondakika kategorisi için RSS feed'i okunuyor
sondakika kategorisinde 0 yeni haber eklendi
dunya kategorisi için RSS feed'i okunuyor
dunya kategorisinde 0 yeni haber eklendi
ekonomi kategorisi için RSS feed'i okunuyor
ekonomi kategorisinde 0 yeni haber eklendi
spor kategorisi için RSS feed'i okunuyor
spor kategorisinde 0 yeni haber eklendi
bilim kategorisi için RSS feed'i okunuyor
bilim kategorisinde 0 yeni haber eklendi
Haber güncelleme görevi tamamlandı - 2024-12-25 17:48:36.212692
